<?xml version="1.0" encoding="UTF-8"?>
<testsuites>
    <testsuite name="tosca-vehicle-insurance-testing;visit-the-sample-application-website-and-select-automobile-page" tests="3" failures="0" skipped="0">
        <properties>
            <property name="URI" value="C:/Users/v.arun.shrivastava/Desktop/cucumber_demo/features/tosca-vehicle.feature">
            </property>
        </properties>
        <testcase name="Given I visit tosca sample app website" classname="tosca-vehicle-insurance-testing;visit-the-sample-application-website-and-select-automobile-page" time="35.644355875">
        </testcase>
        <testcase name="When I click on automobile tab" classname="tosca-vehicle-insurance-testing;visit-the-sample-application-website-and-select-automobile-page" time="1.851386025">
        </testcase>
        <testcase name="Then I should see Enter Vehicle Data page" classname="tosca-vehicle-insurance-testing;visit-the-sample-application-website-and-select-automobile-page" time="0.0001768">
        </testcase>
    </testsuite>
    <testsuite name="tosca-vehicle-insurance-testing;enter-vehicle-data-and-click-next" tests="2" failures="0" skipped="0">
        <properties>
            <property name="URI" value="C:/Users/v.arun.shrivastava/Desktop/cucumber_demo/features/tosca-vehicle.feature">
            </property>
        </properties>
        <testcase name="When I enter details and click next" classname="tosca-vehicle-insurance-testing;enter-vehicle-data-and-click-next" time="1.349444205">
        </testcase>
        <testcase name="Then I should see Insurant Data page" classname="tosca-vehicle-insurance-testing;enter-vehicle-data-and-click-next" time="0.034512419">
        </testcase>
    </testsuite>
    <testsuite name="tosca-vehicle-insurance-testing;enter-insurant-data-and-click-next" tests="2" failures="0" skipped="0">
        <properties>
            <property name="URI" value="C:/Users/v.arun.shrivastava/Desktop/cucumber_demo/features/tosca-vehicle.feature">
            </property>
        </properties>
        <testcase name="When I enter insurant data and click next" classname="tosca-vehicle-insurance-testing;enter-insurant-data-and-click-next" time="2.153527293">
        </testcase>
        <testcase name="Then I should see Product Data page" classname="tosca-vehicle-insurance-testing;enter-insurant-data-and-click-next" time="0.028625377">
        </testcase>
    </testsuite>
    <testsuite name="tosca-vehicle-insurance-testing;enter-product-data-and-click-next" tests="2" failures="0" skipped="0">
        <properties>
            <property name="URI" value="C:/Users/v.arun.shrivastava/Desktop/cucumber_demo/features/tosca-vehicle.feature">
            </property>
        </properties>
        <testcase name="When I enter product data and click next" classname="tosca-vehicle-insurance-testing;enter-product-data-and-click-next" time="1.300538148">
        </testcase>
        <testcase name="Then I should see price options" classname="tosca-vehicle-insurance-testing;enter-product-data-and-click-next" time="0.025242669">
        </testcase>
    </testsuite>
    <testsuite name="tosca-vehicle-insurance-testing;select-pricing-option-and-click-next" tests="2" failures="1" skipped="1">
        <properties>
            <property name="URI" value="C:/Users/v.arun.shrivastava/Desktop/cucumber_demo/features/tosca-vehicle.feature">
            </property>
        </properties>
        <testcase name="When I select pricing option and click next" classname="tosca-vehicle-insurance-testing;select-pricing-option-and-click-next" time="30.014317489">
            <failure message="TimeoutError: Waiting for at least one element to be located By(css selector, .\/\/\*\[\@id\=\&quot;priceTable\&quot;\]\/tfoot\/tr\/th\[2\]\/label\[1\]\/span)">TimeoutError: Waiting for at least one element to be located By(css selector, .\/\/\*\[\@id\=\&quot;priceTable\&quot;\]\/tfoot\/tr\/th\[2\]\/label\[1\]\/span)
Wait timed out after 30002ms
    at C:\Users\v.arun.shrivastava\Desktop\cucumber_demo\node_modules\selenium-webdriver\lib\promise.js:2209:17
    at ManagedPromise.invokeCallback_ (C:\Users\v.arun.shrivastava\Desktop\cucumber_demo\node_modules\selenium-webdriver\lib\promise.js:1384:14)
    at TaskQueue.execute_ (C:\Users\v.arun.shrivastava\Desktop\cucumber_demo\node_modules\selenium-webdriver\lib\promise.js:3092:14)
    at TaskQueue.executeNext_ (C:\Users\v.arun.shrivastava\Desktop\cucumber_demo\node_modules\selenium-webdriver\lib\promise.js:3075:27)
    at asyncRun (C:\Users\v.arun.shrivastava\Desktop\cucumber_demo\node_modules\selenium-webdriver\lib\promise.js:2935:27)
    at C:\Users\v.arun.shrivastava\Desktop\cucumber_demo\node_modules\selenium-webdriver\lib\promise.js:676:7
    at &lt;anonymous&gt;
    at process._tickCallback (internal/process/next_tick.js:189:7)
From: Task: Waiting for at least one element to be located By(css selector, .\/\/\*\[\@id\=\&quot;priceTable\&quot;\]\/tfoot\/tr\/th\[2\]\/label\[1\]\/span)
    at scheduleWait (C:\Users\v.arun.shrivastava\Desktop\cucumber_demo\node_modules\selenium-webdriver\lib\promise.js:2196:20)
    at ControlFlow.wait (C:\Users\v.arun.shrivastava\Desktop\cucumber_demo\node_modules\selenium-webdriver\lib\promise.js:2525:12)
    at thenableWebDriverProxy.wait (C:\Users\v.arun.shrivastava\Desktop\cucumber_demo\node_modules\selenium-webdriver\lib\webdriver.js:934:29)
    at createWorld.&lt;anonymous&gt; (C:\Users\v.arun.shrivastava\Desktop\cucumber_demo\step-definitions\tosca-vehicle-steps.js:87:16)
    at _combinedTickCallback (internal/process/next_tick.js:132:7)</failure>
        </testcase>
        <testcase name="Then I should see" classname="tosca-vehicle-insurance-testing;select-pricing-option-and-click-next">
            <skipped message="">
            </skipped>
        </testcase>
    </testsuite>
</testsuites>